Analysis & Synthesis report for CA_Project
Tue Feb  9 22:37:31 2021
Quartus Prime Version 20.1.1 Build 720 11/11/2020 SJ Lite Edition


---------------------
; Table of Contents ;
---------------------
  1. Legal Notice
  2. Analysis & Synthesis Summary
  3. Analysis & Synthesis Settings
  4. Parallel Compilation
  5. Analysis & Synthesis IP Cores Summary
  6. Analysis & Synthesis Messages



----------------
; Legal Notice ;
----------------
Copyright (C) 2020  Intel Corporation. All rights reserved.
Your use of Intel Corporation's design tools, logic functions 
and other software and tools, and any partner logic 
functions, and any output files from any of the foregoing 
(including device programming or simulation files), and any 
associated documentation or information are expressly subject 
to the terms and conditions of the Intel Program License 
Subscription Agreement, the Intel Quartus Prime License Agreement,
the Intel FPGA IP License Agreement, or other applicable license
agreement, including, without limitation, that your use is for
the sole purpose of programming logic devices manufactured by
Intel and sold by Intel or its authorized distributors.  Please
refer to the applicable agreement for further details, at
https://fpgasoftware.intel.com/eula.



+----------------------------------------------------------------------------------+
; Analysis & Synthesis Summary                                                     ;
+------------------------------------+---------------------------------------------+
; Analysis & Synthesis Status        ; Failed - Tue Feb  9 22:37:31 2021           ;
; Quartus Prime Version              ; 20.1.1 Build 720 11/11/2020 SJ Lite Edition ;
; Revision Name                      ; CA_Project                                  ;
; Top-level Entity Name              ; CA_Project                                  ;
; Family                             ; Cyclone IV GX                               ;
; Total logic elements               ; N/A until Partition Merge                   ;
;     Total combinational functions  ; N/A until Partition Merge                   ;
;     Dedicated logic registers      ; N/A until Partition Merge                   ;
; Total registers                    ; N/A until Partition Merge                   ;
; Total pins                         ; N/A until Partition Merge                   ;
; Total virtual pins                 ; N/A until Partition Merge                   ;
; Total memory bits                  ; N/A until Partition Merge                   ;
; Embedded Multiplier 9-bit elements ; N/A until Partition Merge                   ;
; Total GXB Receiver Channel PCS     ; N/A until Partition Merge                   ;
; Total GXB Receiver Channel PMA     ; N/A until Partition Merge                   ;
; Total GXB Transmitter Channel PCS  ; N/A until Partition Merge                   ;
; Total GXB Transmitter Channel PMA  ; N/A until Partition Merge                   ;
; Total PLLs                         ; N/A until Partition Merge                   ;
+------------------------------------+---------------------------------------------+


+------------------------------------------------------------------------------------------------------------+
; Analysis & Synthesis Settings                                                                              ;
+------------------------------------------------------------------+--------------------+--------------------+
; Option                                                           ; Setting            ; Default Value      ;
+------------------------------------------------------------------+--------------------+--------------------+
; Top-level entity name                                            ; CA_Project         ; CA_Project         ;
; Family name                                                      ; Cyclone IV GX      ; Cyclone V          ;
; Use smart compilation                                            ; Off                ; Off                ;
; Enable parallel Assembler and Timing Analyzer during compilation ; On                 ; On                 ;
; Enable compact report table                                      ; Off                ; Off                ;
; Restructure Multiplexers                                         ; Auto               ; Auto               ;
; Create Debugging Nodes for IP Cores                              ; Off                ; Off                ;
; Preserve fewer node names                                        ; On                 ; On                 ;
; Intel FPGA IP Evaluation Mode                                    ; Enable             ; Enable             ;
; Verilog Version                                                  ; Verilog_2001       ; Verilog_2001       ;
; VHDL Version                                                     ; VHDL_1993          ; VHDL_1993          ;
; State Machine Processing                                         ; Auto               ; Auto               ;
; Safe State Machine                                               ; Off                ; Off                ;
; Extract Verilog State Machines                                   ; On                 ; On                 ;
; Extract VHDL State Machines                                      ; On                 ; On                 ;
; Ignore Verilog initial constructs                                ; Off                ; Off                ;
; Iteration limit for constant Verilog loops                       ; 5000               ; 5000               ;
; Iteration limit for non-constant Verilog loops                   ; 250                ; 250                ;
; Add Pass-Through Logic to Inferred RAMs                          ; On                 ; On                 ;
; Infer RAMs from Raw Logic                                        ; On                 ; On                 ;
; Parallel Synthesis                                               ; On                 ; On                 ;
; DSP Block Balancing                                              ; Auto               ; Auto               ;
; NOT Gate Push-Back                                               ; On                 ; On                 ;
; Power-Up Don't Care                                              ; On                 ; On                 ;
; Remove Redundant Logic Cells                                     ; Off                ; Off                ;
; Remove Duplicate Registers                                       ; On                 ; On                 ;
; Ignore CARRY Buffers                                             ; Off                ; Off                ;
; Ignore CASCADE Buffers                                           ; Off                ; Off                ;
; Ignore GLOBAL Buffers                                            ; Off                ; Off                ;
; Ignore ROW GLOBAL Buffers                                        ; Off                ; Off                ;
; Ignore LCELL Buffers                                             ; Off                ; Off                ;
; Ignore SOFT Buffers                                              ; On                 ; On                 ;
; Limit AHDL Integers to 32 Bits                                   ; Off                ; Off                ;
; Optimization Technique                                           ; Balanced           ; Balanced           ;
; Carry Chain Length                                               ; 70                 ; 70                 ;
; Auto Carry Chains                                                ; On                 ; On                 ;
; Auto Open-Drain Pins                                             ; On                 ; On                 ;
; Perform WYSIWYG Primitive Resynthesis                            ; Off                ; Off                ;
; Auto ROM Replacement                                             ; On                 ; On                 ;
; Auto RAM Replacement                                             ; On                 ; On                 ;
; Auto DSP Block Replacement                                       ; On                 ; On                 ;
; Auto Shift Register Replacement                                  ; Auto               ; Auto               ;
; Allow Shift Register Merging across Hierarchies                  ; Auto               ; Auto               ;
; Auto Clock Enable Replacement                                    ; On                 ; On                 ;
; Strict RAM Replacement                                           ; Off                ; Off                ;
; Allow Synchronous Control Signals                                ; On                 ; On                 ;
; Force Use of Synchronous Clear Signals                           ; Off                ; Off                ;
; Auto RAM Block Balancing                                         ; On                 ; On                 ;
; Auto RAM to Logic Cell Conversion                                ; Off                ; Off                ;
; Auto Resource Sharing                                            ; Off                ; Off                ;
; Allow Any RAM Size For Recognition                               ; Off                ; Off                ;
; Allow Any ROM Size For Recognition                               ; Off                ; Off                ;
; Allow Any Shift Register Size For Recognition                    ; Off                ; Off                ;
; Use LogicLock Constraints during Resource Balancing              ; On                 ; On                 ;
; Ignore translate_off and synthesis_off directives                ; Off                ; Off                ;
; Timing-Driven Synthesis                                          ; On                 ; On                 ;
; Report Parameter Settings                                        ; On                 ; On                 ;
; Report Source Assignments                                        ; On                 ; On                 ;
; Report Connectivity Checks                                       ; On                 ; On                 ;
; Ignore Maximum Fan-Out Assignments                               ; Off                ; Off                ;
; Synchronization Register Chain Length                            ; 2                  ; 2                  ;
; Power Optimization During Synthesis                              ; Normal compilation ; Normal compilation ;
; HDL message level                                                ; Level2             ; Level2             ;
; Suppress Register Optimization Related Messages                  ; Off                ; Off                ;
; Number of Removed Registers Reported in Synthesis Report         ; 5000               ; 5000               ;
; Number of Swept Nodes Reported in Synthesis Report               ; 5000               ; 5000               ;
; Number of Inverted Registers Reported in Synthesis Report        ; 100                ; 100                ;
; Clock MUX Protection                                             ; On                 ; On                 ;
; Auto Gated Clock Conversion                                      ; Off                ; Off                ;
; Block Design Naming                                              ; Auto               ; Auto               ;
; SDC constraint protection                                        ; Off                ; Off                ;
; Synthesis Effort                                                 ; Auto               ; Auto               ;
; Shift Register Replacement - Allow Asynchronous Clear Signal     ; On                 ; On                 ;
; Pre-Mapping Resynthesis Optimization                             ; Off                ; Off                ;
; Analysis & Synthesis Message Level                               ; Medium             ; Medium             ;
; Disable Register Merging Across Hierarchies                      ; Auto               ; Auto               ;
; Resource Aware Inference For Block RAM                           ; On                 ; On                 ;
+------------------------------------------------------------------+--------------------+--------------------+


+------------------------------------------+
; Parallel Compilation                     ;
+----------------------------+-------------+
; Processors                 ; Number      ;
+----------------------------+-------------+
; Number detected on machine ; 8           ;
; Maximum allowed            ; 4           ;
;                            ;             ;
; Average used               ; 1.00        ;
; Maximum used               ; 1           ;
;                            ;             ;
; Usage by Processor         ; % Time Used ;
;     Processor 1            ; 100.0%      ;
+----------------------------+-------------+


+--------------------------------------------------------------------------------------------------------------------------------------------+
; Analysis & Synthesis IP Cores Summary                                                                                                      ;
+--------+---------------+---------+--------------+--------------+----------------------------------------------------+----------------------+
; Vendor ; IP Core Name  ; Version ; Release Date ; License Type ; Entity Instance                                    ; IP Include File      ;
+--------+---------------+---------+--------------+--------------+----------------------------------------------------+----------------------+
; Altera ; ALTFP_ADD_SUB ; 20.1    ; N/A          ; N/A          ; |CA_Project|my_add_sub:inst                        ; my_add_sub.v         ;
; Altera ; LPM_ADD_SUB   ; 13.0    ; N/A          ; N/A          ; |CA_Project|Block2:inst49|lpm_add_to_129:inst1     ; lpm_add_to_129.v     ;
; Altera ; LPM_CLSHIFT   ; 13.0    ; N/A          ; N/A          ; |CA_Project|Block2:inst49|lpm_shift_to_right:inst2 ; lpm_shift_to_right.v ;
; Altera ; LPM_COMPARE   ; 13.0    ; N/A          ; N/A          ; |CA_Project|Block2:inst49|fdmsakflmcxkmsd:inst3    ; fdmsakflmcxkmsd.v    ;
+--------+---------------+---------+--------------+--------------+----------------------------------------------------+----------------------+


+-------------------------------+
; Analysis & Synthesis Messages ;
+-------------------------------+
Info: *******************************************************************
Info: Running Quartus Prime Analysis & Synthesis
    Info: Version 20.1.1 Build 720 11/11/2020 SJ Lite Edition
    Info: Processing started: Tue Feb  9 22:37:21 2021
Info: Command: quartus_map --read_settings_files=on --write_settings_files=off CA_Project -c CA_Project
Warning (18236): Number of processors has not been specified which may cause overloading on shared machines.  Set the global assignment NUM_PARALLEL_PROCESSORS in your QSF to an appropriate value for best performance.
Info (20030): Parallel compilation is enabled and will use 4 of the 4 processors detected
Info (12021): Found 1 design units, including 1 entities, in source file fdmsakflmcxkmsd.v
    Info (12023): Found entity 1: fdmsakflmcxkmsd File: /home/hamid/Desktop/memari/Processor_Simulation/fdmsakflmcxkmsd.v Line: 39
Info (12021): Found 1 design units, including 1 entities, in source file lpm_shift_to_right.v
    Info (12023): Found entity 1: lpm_shift_to_right File: /home/hamid/Desktop/memari/Processor_Simulation/lpm_shift_to_right.v Line: 39
Info (12021): Found 1 design units, including 1 entities, in source file lpm_add_to_129.v
    Info (12023): Found entity 1: lpm_add_to_129 File: /home/hamid/Desktop/memari/Processor_Simulation/lpm_add_to_129.v Line: 39
Info (12021): Found 1 design units, including 1 entities, in source file Block2.bdf
    Info (12023): Found entity 1: Block2
Info (12021): Found 1 design units, including 1 entities, in source file CA_Project.bdf
    Info (12023): Found entity 1: CA_Project
Info (12021): Found 2 design units, including 1 entities, in source file lpm_shiftreg0.vhd
    Info (12022): Found design unit 1: lpm_shiftreg0-SYN File: /home/hamid/Desktop/memari/Processor_Simulation/lpm_shiftreg0.vhd Line: 57
    Info (12023): Found entity 1: lpm_shiftreg0 File: /home/hamid/Desktop/memari/Processor_Simulation/lpm_shiftreg0.vhd Line: 42
Info (12021): Found 2 design units, including 1 entities, in source file lpm_add_sub0.vhd
    Info (12022): Found design unit 1: lpm_add_sub0-SYN File: /home/hamid/Desktop/memari/Processor_Simulation/lpm_add_sub0.vhd Line: 52
    Info (12023): Found entity 1: lpm_add_sub0 File: /home/hamid/Desktop/memari/Processor_Simulation/lpm_add_sub0.vhd Line: 42
Info (12021): Found 4 design units, including 2 entities, in source file altfp_compare0.vhd
    Info (12022): Found design unit 1: altfp_compare0_altfp_compare_cmb-RTL File: /home/hamid/Desktop/memari/Processor_Simulation/altfp_compare0.vhd Line: 57
    Info (12022): Found design unit 2: altfp_compare0-RTL File: /home/hamid/Desktop/memari/Processor_Simulation/altfp_compare0.vhd Line: 1045
    Info (12023): Found entity 1: altfp_compare0_altfp_compare_cmb File: /home/hamid/Desktop/memari/Processor_Simulation/altfp_compare0.vhd Line: 46
    Info (12023): Found entity 2: altfp_compare0 File: /home/hamid/Desktop/memari/Processor_Simulation/altfp_compare0.vhd Line: 1033
Info (12021): Found 2 design units, including 1 entities, in source file lpm_compare0.vhd
    Info (12022): Found design unit 1: lpm_compare0-SYN File: /home/hamid/Desktop/memari/Processor_Simulation/lpm_compare0.vhd Line: 53
    Info (12023): Found entity 1: lpm_compare0 File: /home/hamid/Desktop/memari/Processor_Simulation/lpm_compare0.vhd Line: 42
Info (12021): Found 2 design units, including 1 entities, in source file lpm_constant0.vhd
    Info (12022): Found design unit 1: lpm_constant0-SYN File: /home/hamid/Desktop/memari/Processor_Simulation/lpm_constant0.vhd Line: 50
    Info (12023): Found entity 1: lpm_constant0 File: /home/hamid/Desktop/memari/Processor_Simulation/lpm_constant0.vhd Line: 42
Info (12021): Found 2 design units, including 1 entities, in source file lpm_mux0.vhd
    Info (12022): Found design unit 1: lpm_mux0-SYN File: /home/hamid/Desktop/memari/Processor_Simulation/lpm_mux0.vhd Line: 55
    Info (12023): Found entity 1: lpm_mux0 File: /home/hamid/Desktop/memari/Processor_Simulation/lpm_mux0.vhd Line: 42
Info (12021): Found 2 design units, including 1 entities, in source file lpm_mux1.vhd
    Info (12022): Found design unit 1: lpm_mux1-SYN File: /home/hamid/Desktop/memari/Processor_Simulation/lpm_mux1.vhd Line: 55
    Info (12023): Found entity 1: lpm_mux1 File: /home/hamid/Desktop/memari/Processor_Simulation/lpm_mux1.vhd Line: 42
Info (12021): Found 1 design units, including 1 entities, in source file RAM_DUAL_PORT.v
    Info (12023): Found entity 1: RAM_DUAL_PORT File: /home/hamid/Desktop/memari/Processor_Simulation/RAM_DUAL_PORT.v Line: 39
Info (12021): Found 1 design units, including 1 entities, in source file ROM.v
    Info (12023): Found entity 1: ROM File: /home/hamid/Desktop/memari/Processor_Simulation/ROM.v Line: 39
Info (12021): Found 1 design units, including 1 entities, in source file RAM.v
    Info (12023): Found entity 1: RAM File: /home/hamid/Desktop/memari/Processor_Simulation/RAM.v Line: 39
Info (12021): Found 1 design units, including 1 entities, in source file INSTR_ROM.v
    Info (12023): Found entity 1: INSTR_ROM File: /home/hamid/Desktop/memari/Processor_Simulation/INSTR_ROM.v Line: 39
Info (12021): Found 1 design units, including 1 entities, in source file CTRL_ROM.v
    Info (12023): Found entity 1: CTRL_ROM File: /home/hamid/Desktop/memari/Processor_Simulation/CTRL_ROM.v Line: 39
Info (12021): Found 1 design units, including 1 entities, in source file ADD4.v
    Info (12023): Found entity 1: ADD4 File: /home/hamid/Desktop/memari/Processor_Simulation/ADD4.v Line: 39
Info (12021): Found 2 design units, including 2 entities, in source file zero.v
    Info (12023): Found entity 1: zero_lpm_constant_r09 File: /home/hamid/Desktop/memari/Processor_Simulation/zero.v Line: 46
    Info (12023): Found entity 2: zero File: /home/hamid/Desktop/memari/Processor_Simulation/zero.v Line: 61
Info (12021): Found 2 design units, including 2 entities, in source file one.v
    Info (12023): Found entity 1: one_lpm_constant_be9 File: /home/hamid/Desktop/memari/Processor_Simulation/one.v Line: 46
    Info (12023): Found entity 2: one File: /home/hamid/Desktop/memari/Processor_Simulation/one.v Line: 61
Info (12021): Found 1 design units, including 1 entities, in source file lpm_decode0.v
    Info (12023): Found entity 1: lpm_decode0 File: /home/hamid/Desktop/memari/Processor_Simulation/lpm_decode0.v Line: 39
Info (12021): Found 1 design units, including 1 entities, in source file alu_forward_compare_a.v
    Info (12023): Found entity 1: alu_forward_compare_a File: /home/hamid/Desktop/memari/Processor_Simulation/alu_forward_compare_a.v Line: 39
Info (12021): Found 1 design units, including 1 entities, in source file my_add_sub.v
    Info (12023): Found entity 1: my_add_sub File: /home/hamid/Desktop/memari/Processor_Simulation/my_add_sub.v Line: 40
Info (12127): Elaborating entity "CA_Project" for the top level hierarchy
Warning (275004): Undeclared parameter TO_NEAREST
Warning (275006): Can't find a definition for parameter ROUNDING -- assuming TO_NEAREST was intended to be a quoted string
Info (12128): Elaborating entity "my_add_sub" for hierarchy "my_add_sub:inst"
Info (12128): Elaborating entity "BUSMUX" for hierarchy "BUSMUX:inst39"
Info (12130): Elaborated megafunction instantiation "BUSMUX:inst39"
Info (12133): Instantiated megafunction "BUSMUX:inst39" with the following parameter:
    Info (12134): Parameter "WIDTH" = "64"
Info (12128): Elaborating entity "lpm_mux" for hierarchy "BUSMUX:inst39|lpm_mux:$00000" File: /home/hamid/intelFPGA_lite/20.1/quartus/libraries/megafunctions/busmux.tdf Line: 44
Info (12131): Elaborated megafunction instantiation "BUSMUX:inst39|lpm_mux:$00000", which is child of megafunction instantiation "BUSMUX:inst39" File: /home/hamid/intelFPGA_lite/20.1/quartus/libraries/megafunctions/busmux.tdf Line: 44
Info (12021): Found 1 design units, including 1 entities, in source file db/mux_q0d.tdf
    Info (12023): Found entity 1: mux_q0d File: /home/hamid/Desktop/memari/Processor_Simulation/db/mux_q0d.tdf Line: 23
Info (12128): Elaborating entity "mux_q0d" for hierarchy "BUSMUX:inst39|lpm_mux:$00000|mux_q0d:auto_generated" File: /home/hamid/intelFPGA_lite/20.1/quartus/libraries/megafunctions/lpm_mux.tdf Line: 87
Info (12128): Elaborating entity "BUSMUX" for hierarchy "BUSMUX:inst45"
Info (12130): Elaborated megafunction instantiation "BUSMUX:inst45"
Info (12133): Instantiated megafunction "BUSMUX:inst45" with the following parameter:
    Info (12134): Parameter "WIDTH" = "64"
Info (12128): Elaborating entity "Block2" for hierarchy "Block2:inst49"
Info (12128): Elaborating entity "BUSMUX" for hierarchy "Block2:inst49|BUSMUX:inst4"
Info (12130): Elaborated megafunction instantiation "Block2:inst49|BUSMUX:inst4"
Info (12133): Instantiated megafunction "Block2:inst49|BUSMUX:inst4" with the following parameter:
    Info (12134): Parameter "WIDTH" = "32"
Info (12128): Elaborating entity "lpm_mux" for hierarchy "Block2:inst49|BUSMUX:inst4|lpm_mux:$00000" File: /home/hamid/intelFPGA_lite/20.1/quartus/libraries/megafunctions/busmux.tdf Line: 44
Info (12131): Elaborated megafunction instantiation "Block2:inst49|BUSMUX:inst4|lpm_mux:$00000", which is child of megafunction instantiation "Block2:inst49|BUSMUX:inst4" File: /home/hamid/intelFPGA_lite/20.1/quartus/libraries/megafunctions/busmux.tdf Line: 44
Info (12021): Found 1 design units, including 1 entities, in source file db/mux_l0d.tdf
    Info (12023): Found entity 1: mux_l0d File: /home/hamid/Desktop/memari/Processor_Simulation/db/mux_l0d.tdf Line: 23
Info (12128): Elaborating entity "mux_l0d" for hierarchy "Block2:inst49|BUSMUX:inst4|lpm_mux:$00000|mux_l0d:auto_generated" File: /home/hamid/intelFPGA_lite/20.1/quartus/libraries/megafunctions/lpm_mux.tdf Line: 87
Info (12128): Elaborating entity "fdmsakflmcxkmsd" for hierarchy "Block2:inst49|fdmsakflmcxkmsd:inst3"
Info (12128): Elaborating entity "lpm_compare" for hierarchy "Block2:inst49|fdmsakflmcxkmsd:inst3|lpm_compare:LPM_COMPARE_component" File: /home/hamid/Desktop/memari/Processor_Simulation/fdmsakflmcxkmsd.v Line: 61
Info (12130): Elaborated megafunction instantiation "Block2:inst49|fdmsakflmcxkmsd:inst3|lpm_compare:LPM_COMPARE_component" File: /home/hamid/Desktop/memari/Processor_Simulation/fdmsakflmcxkmsd.v Line: 61
Info (12133): Instantiated megafunction "Block2:inst49|fdmsakflmcxkmsd:inst3|lpm_compare:LPM_COMPARE_component" with the following parameter: File: /home/hamid/Desktop/memari/Processor_Simulation/fdmsakflmcxkmsd.v Line: 61
    Info (12134): Parameter "lpm_hint" = "ONE_INPUT_IS_CONSTANT=YES"
    Info (12134): Parameter "lpm_representation" = "UNSIGNED"
    Info (12134): Parameter "lpm_type" = "LPM_COMPARE"
    Info (12134): Parameter "lpm_width" = "8"
Info (12021): Found 1 design units, including 1 entities, in source file db/cmpr_7gj.tdf
    Info (12023): Found entity 1: cmpr_7gj File: /home/hamid/Desktop/memari/Processor_Simulation/db/cmpr_7gj.tdf Line: 23
Info (12128): Elaborating entity "cmpr_7gj" for hierarchy "Block2:inst49|fdmsakflmcxkmsd:inst3|lpm_compare:LPM_COMPARE_component|cmpr_7gj:auto_generated" File: /home/hamid/intelFPGA_lite/20.1/quartus/libraries/megafunctions/lpm_compare.tdf Line: 281
Info (12128): Elaborating entity "LPM_CONSTANT" for hierarchy "Block2:inst49|LPM_CONSTANT:inst5"
Info (12130): Elaborated megafunction instantiation "Block2:inst49|LPM_CONSTANT:inst5"
Info (12133): Instantiated megafunction "Block2:inst49|LPM_CONSTANT:inst5" with the following parameter:
    Info (12134): Parameter "LPM_CVALUE" = "0"
    Info (12134): Parameter "LPM_WIDTH" = "32"
Info (12021): Found 1 design units, including 1 entities, in source file db/lpm_constant_0j4.tdf
    Info (12023): Found entity 1: lpm_constant_0j4 File: /home/hamid/Desktop/memari/Processor_Simulation/db/lpm_constant_0j4.tdf Line: 23
Info (12128): Elaborating entity "lpm_constant_0j4" for hierarchy "Block2:inst49|LPM_CONSTANT:inst5|lpm_constant_0j4:ag" File: /home/hamid/intelFPGA_lite/20.1/quartus/libraries/megafunctions/lpm_constant.tdf Line: 46
Info (12128): Elaborating entity "BUSMUX" for hierarchy "Block2:inst49|BUSMUX:inst7"
Info (12130): Elaborated megafunction instantiation "Block2:inst49|BUSMUX:inst7"
Info (12133): Instantiated megafunction "Block2:inst49|BUSMUX:inst7" with the following parameter:
    Info (12134): Parameter "WIDTH" = "23"
Info (12128): Elaborating entity "lpm_mux" for hierarchy "Block2:inst49|BUSMUX:inst7|lpm_mux:$00000" File: /home/hamid/intelFPGA_lite/20.1/quartus/libraries/megafunctions/busmux.tdf Line: 44
Info (12131): Elaborated megafunction instantiation "Block2:inst49|BUSMUX:inst7|lpm_mux:$00000", which is child of megafunction instantiation "Block2:inst49|BUSMUX:inst7" File: /home/hamid/intelFPGA_lite/20.1/quartus/libraries/megafunctions/busmux.tdf Line: 44
Info (12021): Found 1 design units, including 1 entities, in source file db/mux_o0d.tdf
    Info (12023): Found entity 1: mux_o0d File: /home/hamid/Desktop/memari/Processor_Simulation/db/mux_o0d.tdf Line: 23
Info (12128): Elaborating entity "mux_o0d" for hierarchy "Block2:inst49|BUSMUX:inst7|lpm_mux:$00000|mux_o0d:auto_generated" File: /home/hamid/intelFPGA_lite/20.1/quartus/libraries/megafunctions/lpm_mux.tdf Line: 87
Info (12128): Elaborating entity "lpm_add_to_129" for hierarchy "Block2:inst49|lpm_add_to_129:inst1"
Info (12128): Elaborating entity "lpm_add_sub" for hierarchy "Block2:inst49|lpm_add_to_129:inst1|lpm_add_sub:LPM_ADD_SUB_component" File: /home/hamid/Desktop/memari/Processor_Simulation/lpm_add_to_129.v Line: 64
Info (12130): Elaborated megafunction instantiation "Block2:inst49|lpm_add_to_129:inst1|lpm_add_sub:LPM_ADD_SUB_component" File: /home/hamid/Desktop/memari/Processor_Simulation/lpm_add_to_129.v Line: 64
Info (12133): Instantiated megafunction "Block2:inst49|lpm_add_to_129:inst1|lpm_add_sub:LPM_ADD_SUB_component" with the following parameter: File: /home/hamid/Desktop/memari/Processor_Simulation/lpm_add_to_129.v Line: 64
    Info (12134): Parameter "lpm_direction" = "ADD"
    Info (12134): Parameter "lpm_hint" = "ONE_INPUT_IS_CONSTANT=YES,CIN_USED=NO"
    Info (12134): Parameter "lpm_representation" = "UNSIGNED"
    Info (12134): Parameter "lpm_type" = "LPM_ADD_SUB"
    Info (12134): Parameter "lpm_width" = "8"
Info (12021): Found 1 design units, including 1 entities, in source file db/add_sub_c0i.tdf
    Info (12023): Found entity 1: add_sub_c0i File: /home/hamid/Desktop/memari/Processor_Simulation/db/add_sub_c0i.tdf Line: 23
Info (12128): Elaborating entity "add_sub_c0i" for hierarchy "Block2:inst49|lpm_add_to_129:inst1|lpm_add_sub:LPM_ADD_SUB_component|add_sub_c0i:auto_generated" File: /home/hamid/intelFPGA_lite/20.1/quartus/libraries/megafunctions/lpm_add_sub.tdf Line: 119
Info (12128): Elaborating entity "LPM_AND" for hierarchy "Block2:inst49|LPM_AND:inst6"
Info (12130): Elaborated megafunction instantiation "Block2:inst49|LPM_AND:inst6"
Info (12133): Instantiated megafunction "Block2:inst49|LPM_AND:inst6" with the following parameter:
    Info (12134): Parameter "LPM_SIZE" = "2"
    Info (12134): Parameter "LPM_WIDTH" = "23"
Info (12128): Elaborating entity "LPM_INV" for hierarchy "Block2:inst49|LPM_INV:inst9"
Info (12130): Elaborated megafunction instantiation "Block2:inst49|LPM_INV:inst9"
Info (12133): Instantiated megafunction "Block2:inst49|LPM_INV:inst9" with the following parameter:
    Info (12134): Parameter "LPM_WIDTH" = "23"
Info (12128): Elaborating entity "lpm_shift_to_right" for hierarchy "Block2:inst49|lpm_shift_to_right:inst2"
Info (12128): Elaborating entity "lpm_clshift" for hierarchy "Block2:inst49|lpm_shift_to_right:inst2|lpm_clshift:LPM_CLSHIFT_component" File: /home/hamid/Desktop/memari/Processor_Simulation/lpm_shift_to_right.v Line: 65
Info (12130): Elaborated megafunction instantiation "Block2:inst49|lpm_shift_to_right:inst2|lpm_clshift:LPM_CLSHIFT_component" File: /home/hamid/Desktop/memari/Processor_Simulation/lpm_shift_to_right.v Line: 65
Info (12133): Instantiated megafunction "Block2:inst49|lpm_shift_to_right:inst2|lpm_clshift:LPM_CLSHIFT_component" with the following parameter: File: /home/hamid/Desktop/memari/Processor_Simulation/lpm_shift_to_right.v Line: 65
    Info (12134): Parameter "lpm_shifttype" = "LOGICAL"
    Info (12134): Parameter "lpm_type" = "LPM_CLSHIFT"
    Info (12134): Parameter "lpm_width" = "32"
    Info (12134): Parameter "lpm_widthdist" = "5"
Info (12021): Found 1 design units, including 1 entities, in source file db/lpm_clshift_vjc.tdf
    Info (12023): Found entity 1: lpm_clshift_vjc File: /home/hamid/Desktop/memari/Processor_Simulation/db/lpm_clshift_vjc.tdf Line: 23
Info (12128): Elaborating entity "lpm_clshift_vjc" for hierarchy "Block2:inst49|lpm_shift_to_right:inst2|lpm_clshift:LPM_CLSHIFT_component|lpm_clshift_vjc:auto_generated" File: /home/hamid/intelFPGA_lite/20.1/quartus/libraries/megafunctions/lpm_clshift.tdf Line: 54
Info (12128): Elaborating entity "LPM_CONSTANT" for hierarchy "Block2:inst49|LPM_CONSTANT:inst10"
Info (12130): Elaborated megafunction instantiation "Block2:inst49|LPM_CONSTANT:inst10"
Info (12133): Instantiated megafunction "Block2:inst49|LPM_CONSTANT:inst10" with the following parameter:
    Info (12134): Parameter "LPM_CVALUE" = "4294967295"
    Info (12134): Parameter "LPM_WIDTH" = "32"
Info (12021): Found 1 design units, including 1 entities, in source file db/lpm_constant_g05.tdf
    Info (12023): Found entity 1: lpm_constant_g05 File: /home/hamid/Desktop/memari/Processor_Simulation/db/lpm_constant_g05.tdf Line: 23
Info (12128): Elaborating entity "lpm_constant_g05" for hierarchy "Block2:inst49|LPM_CONSTANT:inst10|lpm_constant_g05:ag" File: /home/hamid/intelFPGA_lite/20.1/quartus/libraries/megafunctions/lpm_constant.tdf Line: 46
Error (12006): Node instance "altfp_add_sub_component" instantiates undefined entity "altfp_add_sub". Ensure that required library paths are specified correctly, define the specified entity, or change the instantiation. If this entity represents Intel FPGA or third-party IP, generate the synthesis files for the IP. File: /home/hamid/Desktop/memari/Processor_Simulation/my_add_sub.v Line: 81
Error (12006): Node instance "inst37" instantiates undefined entity "ALTFP_DIV". Ensure that required library paths are specified correctly, define the specified entity, or change the instantiation. If this entity represents Intel FPGA or third-party IP, generate the synthesis files for the IP.
Error (12006): Node instance "inst38" instantiates undefined entity "ALTFP_MULT". Ensure that required library paths are specified correctly, define the specified entity, or change the instantiation. If this entity represents Intel FPGA or third-party IP, generate the synthesis files for the IP.
Error: Quartus Prime Analysis & Synthesis was unsuccessful. 3 errors, 3 warnings
    Error: Peak virtual memory: 504 megabytes
    Error: Processing ended: Tue Feb  9 22:37:31 2021
    Error: Elapsed time: 00:00:10
    Error: Total CPU time (on all processors): 00:00:28


